<?xml  version="1.0" encoding="GBK" ?>
<CMS>
<eb>
<pub>
<TransCode>PAYENT</TransCode>
<CIS>400090005211857</CIS>
<BankCode>102</BankCode>
<ID>840209.y.4000</ID>
<TranDate>20160605</TranDate>
<TranTime>184036049000</TranTime>
<fSeqno>10408377712016060518403645</fSeqno>
<SerialNo>CMM701112776</SerialNo>
<RetCode>0</RetCode>
<RetMsg>成功</RetMsg>
</pub>
<out>
<OnlBatF>1</OnlBatF>
<SettleMode>0</SettleMode>
<TotalNum>1</TotalNum>
<TotalAmt>1</TotalAmt>
<RepReserved1>测试1</RepReserved1>
<RepReserved2>测试2</RepReserved2>
<rd>
<iSeqno>1</iSeqno>
<OrderNo>1</OrderNo>
<ReimburseNo>测试3</ReimburseNo>
<ReimburseNum>测试4</ReimburseNum>
<StartDate>测试5</StartDate>
<StartTime>测试6</StartTime>
<PayType>2</PayType>
<PayAccNo>4000023319200888888</PayAccNo>
<PayAccNameCN>深圳市星电商科技有限公司</PayAccNameCN>
<PayAccNameEN>测试7</PayAccNameEN>
<RecAccNo>6225887856988888</RecAccNo>
<RecAccNameCN>张三</RecAccNameCN>
<RecAccNameEN>测试8</RecAccNameEN>
<SysIOFlg>2</SysIOFlg>
<IsSameCity>1</IsSameCity>
<Prop>1</Prop>
<RecICBCCode>0000</RecICBCCode>
<RecCityName>广东省深圳市</RecCityName>
<RecBankNo>308584000013</RecBankNo>
<RecBankName>招商银行</RecBankName>
<CurrType>001</CurrType>
<PayAmt>1</PayAmt>
<UseCode>测试9</UseCode>
<UseCN>星意</UseCN>
<EnSummary>测试10</EnSummary>
<PostScript>测试11</PostScript>
<Summary>星意</Summary>
<Ref>测试12</Ref>
<Oref>测试13</Oref>
<ERPSqn>测试14</ERPSqn>
<BusCode>测试15</BusCode>
<ERPcheckno>测试16</ERPcheckno>
<CrvouhType>测试17</CrvouhType>
<CrvouhName>测试18</CrvouhName>
<CrvouhNo>测试19</CrvouhNo>
<Result>4</Result>
<iRetCode>D0504</iRetCode>
<iRetMsg>跨行支付报文已发送</iRetMsg>
<RepReserved3>测试20</RepReserved3>
<RepReserved4>测试21</RepReserved4>
</rd>
<rd>
<iSeqno>2</iSeqno>
<OrderNo>2</OrderNo>
<ReimburseNo>测试3</ReimburseNo>
<ReimburseNum>测试4</ReimburseNum>
<StartDate>测试5</StartDate>
<StartTime>测试6</StartTime>
<PayType>2</PayType>
<PayAccNo>4000023319200850769</PayAccNo>
<PayAccNameCN>深圳市星电商科技有限公司</PayAccNameCN>
<PayAccNameEN>测试7</PayAccNameEN>
<RecAccNo>6225887856988888</RecAccNo>
<RecAccNameCN>张三</RecAccNameCN>
<RecAccNameEN>测试8</RecAccNameEN>
<SysIOFlg>2</SysIOFlg>
<IsSameCity>1</IsSameCity>
<Prop>1</Prop>
<RecICBCCode>0000</RecICBCCode>
<RecCityName>广东省深圳市</RecCityName>
<RecBankNo>308584000013</RecBankNo>
<RecBankName>招商银行</RecBankName>
<CurrType>001</CurrType>
<PayAmt>1</PayAmt>
<UseCode>测试9</UseCode>
<UseCN>星意</UseCN>
<EnSummary>测试10</EnSummary>
<PostScript>测试11</PostScript>
<Summary>星意</Summary>
<Ref>测试12</Ref>
<Oref>测试13</Oref>
<ERPSqn>测试14</ERPSqn>
<BusCode>测试15</BusCode>
<ERPcheckno>测试16</ERPcheckno>
<CrvouhType>测试17</CrvouhType>
<CrvouhName>测试18</CrvouhName>
<CrvouhNo>测试19</CrvouhNo>
<Result>4</Result>
<iRetCode>D0504</iRetCode>
<iRetMsg>跨行支付报文已发送</iRetMsg>
<RepReserved3>测试20</RepReserved3>
<RepReserved4>测试21</RepReserved4>
</rd>
</out>
</eb>
</CMS>